<?xml version="1.0" encoding="UTF-8"?>
<!-- Generated by org.testng.reporters.JUnitXMLReporter -->
<testsuite hostname="Abhijeets-MacBook-Pro.local" name="testngsmokeTest" tests="8" failures="0" timestamp="18 Jan 2020 09:18:47 GMT" time="70.64" errors="0">
  <testcase name="Car1" time="0.012" classname="com.testNGDemo.GroupingofTC"/>
  <testcase name="Car2" time="0.002" classname="com.testNGDemo.GroupingofTC"/>
  <testcase name="Scooter1" time="0.003" classname="com.testNGDemo.GroupingofTC"/>
  <testcase name="Scooter2" time="0.001" classname="com.testNGDemo.GroupingofTC"/>
  <testcase name="Sedan1" time="0.001" classname="com.testNGDemo.GroupingofTC"/>
  <testcase name="verifythemessageofCustomBlock" time="0.562" classname="com.smokesuite.HomePageTest"/>
  <testcase name="when_we_hover_women_we_should_be_able_to_select_dress" time="25.923" classname="com.smokesuite.HomePageTest"/>
  <testcase name="verifyHomePageTitleTest" time="0.005" classname="com.smokesuite.HomePageTest"/>
</testsuite> <!-- testngsmokeTest -->
