<?xml version="1.0" encoding="UTF-8"?>
<testng-results skipped="0" failed="0" total="8" passed="8">
  <reporter-output>
  </reporter-output>
  <suite name="shopingPortalTest" duration-ms="46099" started-at="2020-01-19T13:12:20Z" finished-at="2020-01-19T13:13:06Z">
    <groups>
      <group name="Scooter">
        <method signature="GroupingofTC.Scooter1()[pri:0, instance:com.testNGDemo.GroupingofTC@6366ebe0]" name="Scooter1" class="com.testNGDemo.GroupingofTC"/>
        <method signature="GroupingofTC.Scooter2()[pri:0, instance:com.testNGDemo.GroupingofTC@6366ebe0]" name="Scooter2" class="com.testNGDemo.GroupingofTC"/>
      </group> <!-- Scooter -->
      <group name="Car">
        <method signature="GroupingofTC.Car1()[pri:0, instance:com.testNGDemo.GroupingofTC@6366ebe0]" name="Car1" class="com.testNGDemo.GroupingofTC"/>
        <method signature="GroupingofTC.Car2()[pri:0, instance:com.testNGDemo.GroupingofTC@6366ebe0]" name="Car2" class="com.testNGDemo.GroupingofTC"/>
        <method signature="GroupingofTC.Sedan1()[pri:0, instance:com.testNGDemo.GroupingofTC@6366ebe0]" name="Sedan1" class="com.testNGDemo.GroupingofTC"/>
      </group> <!-- Car -->
      <group name="Sedan Car">
        <method signature="GroupingofTC.Sedan1()[pri:0, instance:com.testNGDemo.GroupingofTC@6366ebe0]" name="Sedan1" class="com.testNGDemo.GroupingofTC"/>
      </group> <!-- Sedan Car -->
    </groups>
    <test name="testngsmokeTest" duration-ms="46099" started-at="2020-01-19T13:12:20Z" finished-at="2020-01-19T13:13:06Z">
      <class name="com.smokesuite.HomePageTest">
        <test-method status="PASS" signature="setUp()[pri:0, instance:com.smokesuite.HomePageTest@1ad282e0]" name="setUp" is-config="true" duration-ms="7275" started-at="2020-01-19T18:42:35Z" finished-at="2020-01-19T18:42:43Z">
          <reporter-output>
          </reporter-output>
        </test-method> <!-- setUp -->
        <test-method status="PASS" signature="verifythemessageofCustomBlock()[pri:0, instance:com.smokesuite.HomePageTest@1ad282e0]" name="verifythemessageofCustomBlock" duration-ms="554" started-at="2020-01-19T18:42:43Z" finished-at="2020-01-19T18:42:43Z">
          <reporter-output>
          </reporter-output>
        </test-method> <!-- verifythemessageofCustomBlock -->
        <test-method status="PASS" signature="tearDown()[pri:0, instance:com.smokesuite.HomePageTest@1ad282e0]" name="tearDown" is-config="true" duration-ms="95" started-at="2020-01-19T18:42:44Z" finished-at="2020-01-19T18:42:44Z">
          <reporter-output>
          </reporter-output>
        </test-method> <!-- tearDown -->
        <test-method status="PASS" signature="setUp()[pri:0, instance:com.smokesuite.HomePageTest@1ad282e0]" name="setUp" is-config="true" duration-ms="9928" started-at="2020-01-19T18:42:44Z" finished-at="2020-01-19T18:42:54Z">
          <reporter-output>
          </reporter-output>
        </test-method> <!-- setUp -->
        <test-method status="PASS" signature="when_we_hover_women_we_should_be_able_to_select_dress()[pri:0, instance:com.smokesuite.HomePageTest@1ad282e0]" name="when_we_hover_women_we_should_be_able_to_select_dress" duration-ms="3085" started-at="2020-01-19T18:42:54Z" finished-at="2020-01-19T18:42:57Z">
          <reporter-output>
          </reporter-output>
        </test-method> <!-- when_we_hover_women_we_should_be_able_to_select_dress -->
        <test-method status="PASS" signature="tearDown()[pri:0, instance:com.smokesuite.HomePageTest@1ad282e0]" name="tearDown" is-config="true" duration-ms="96" started-at="2020-01-19T18:42:57Z" finished-at="2020-01-19T18:42:57Z">
          <reporter-output>
          </reporter-output>
        </test-method> <!-- tearDown -->
        <test-method status="PASS" signature="setUp()[pri:0, instance:com.smokesuite.HomePageTest@1ad282e0]" name="setUp" is-config="true" duration-ms="7230" started-at="2020-01-19T18:42:57Z" finished-at="2020-01-19T18:43:05Z">
          <reporter-output>
          </reporter-output>
        </test-method> <!-- setUp -->
        <test-method status="PASS" signature="verifyHomePageTitleTest()[pri:0, instance:com.smokesuite.HomePageTest@1ad282e0]" name="verifyHomePageTitleTest" duration-ms="6" started-at="2020-01-19T18:43:05Z" finished-at="2020-01-19T18:43:05Z">
          <reporter-output>
          </reporter-output>
        </test-method> <!-- verifyHomePageTitleTest -->
        <test-method status="PASS" signature="tearDown()[pri:0, instance:com.smokesuite.HomePageTest@1ad282e0]" name="tearDown" is-config="true" duration-ms="92" started-at="2020-01-19T18:43:06Z" finished-at="2020-01-19T18:43:06Z">
          <reporter-output>
          </reporter-output>
        </test-method> <!-- tearDown -->
      </class> <!-- com.smokesuite.HomePageTest -->
      <class name="com.testNGDemo.GroupingofTC">
        <test-method status="PASS" signature="setLogger()[pri:0, instance:com.testNGDemo.GroupingofTC@6366ebe0]" name="setLogger" is-config="true" duration-ms="4" started-at="2020-01-19T18:42:20Z" finished-at="2020-01-19T18:42:20Z">
          <reporter-output>
          </reporter-output>
        </test-method> <!-- setLogger -->
        <test-method status="PASS" signature="Car1()[pri:0, instance:com.testNGDemo.GroupingofTC@6366ebe0]" name="Car1" duration-ms="9" started-at="2020-01-19T18:42:20Z" finished-at="2020-01-19T18:42:20Z">
          <reporter-output>
          </reporter-output>
        </test-method> <!-- Car1 -->
        <test-method status="PASS" signature="setLogger()[pri:0, instance:com.testNGDemo.GroupingofTC@6366ebe0]" name="setLogger" is-config="true" duration-ms="1" started-at="2020-01-19T18:42:31Z" finished-at="2020-01-19T18:42:31Z">
          <reporter-output>
          </reporter-output>
        </test-method> <!-- setLogger -->
        <test-method status="PASS" signature="Car2()[pri:0, instance:com.testNGDemo.GroupingofTC@6366ebe0]" name="Car2" duration-ms="1" started-at="2020-01-19T18:42:31Z" finished-at="2020-01-19T18:42:31Z">
          <reporter-output>
          </reporter-output>
        </test-method> <!-- Car2 -->
        <test-method status="PASS" signature="setLogger()[pri:0, instance:com.testNGDemo.GroupingofTC@6366ebe0]" name="setLogger" is-config="true" duration-ms="1" started-at="2020-01-19T18:42:32Z" finished-at="2020-01-19T18:42:32Z">
          <reporter-output>
          </reporter-output>
        </test-method> <!-- setLogger -->
        <test-method status="PASS" signature="Scooter1()[pri:0, instance:com.testNGDemo.GroupingofTC@6366ebe0]" name="Scooter1" duration-ms="1" started-at="2020-01-19T18:42:32Z" finished-at="2020-01-19T18:42:32Z">
          <reporter-output>
          </reporter-output>
        </test-method> <!-- Scooter1 -->
        <test-method status="PASS" signature="setLogger()[pri:0, instance:com.testNGDemo.GroupingofTC@6366ebe0]" name="setLogger" is-config="true" duration-ms="0" started-at="2020-01-19T18:42:33Z" finished-at="2020-01-19T18:42:33Z">
          <reporter-output>
          </reporter-output>
        </test-method> <!-- setLogger -->
        <test-method status="PASS" signature="Scooter2()[pri:0, instance:com.testNGDemo.GroupingofTC@6366ebe0]" name="Scooter2" duration-ms="1" started-at="2020-01-19T18:42:33Z" finished-at="2020-01-19T18:42:33Z">
          <reporter-output>
          </reporter-output>
        </test-method> <!-- Scooter2 -->
        <test-method status="PASS" signature="setLogger()[pri:0, instance:com.testNGDemo.GroupingofTC@6366ebe0]" name="setLogger" is-config="true" duration-ms="0" started-at="2020-01-19T18:42:34Z" finished-at="2020-01-19T18:42:34Z">
          <reporter-output>
          </reporter-output>
        </test-method> <!-- setLogger -->
        <test-method status="PASS" signature="Sedan1()[pri:0, instance:com.testNGDemo.GroupingofTC@6366ebe0]" name="Sedan1" duration-ms="1" started-at="2020-01-19T18:42:34Z" finished-at="2020-01-19T18:42:34Z">
          <reporter-output>
          </reporter-output>
        </test-method> <!-- Sedan1 -->
      </class> <!-- com.testNGDemo.GroupingofTC -->
    </test> <!-- testngsmokeTest -->
  </suite> <!-- shopingPortalTest -->
</testng-results>
